This is pdfTeXk, Version 3.141592-1.40.3 (Web2C 7.5.6) (format=pdflatex 2007.11.14)  20 MAY 2008 02:59
entering extended mode
\write18 enabled.
 %&-line parsing enabled.
**tunnel_main.tex
(./tunnel_main.tex
LaTeX2e <2005/12/01>
Babel <v3.8h> and hyphenation patterns for english, usenglishmax, dumylang, noh
yphenation, arabic, basque, bulgarian, coptic, welsh, czech, slovak, german, ng
erman, danish, esperanto, spanish, catalan, galician, estonian, farsi, finnish,
 french, greek, monogreek, ancientgreek, croatian, hungarian, interlingua, ibyc
us, indonesian, icelandic, italian, latin, mongolian, dutch, norsk, polish, por
tuguese, pinyin, romanian, russian, slovenian, uppersorbian, serbian, swedish, 
turkish, ukenglish, ukrainian, loaded.
(/usr/local/texlive/2007/texmf-dist/tex/latex/base/article.cls
Document Class: article 2005/09/16 v1.4f Standard LaTeX document class
(/usr/local/texlive/2007/texmf-dist/tex/latex/base/size10.clo
File: size10.clo 2005/09/16 v1.4f Standard LaTeX file (size option)
)
\c@part=\count79
\c@section=\count80
\c@subsection=\count81
\c@subsubsection=\count82
\c@paragraph=\count83
\c@subparagraph=\count84
\c@figure=\count85
\c@table=\count86
\abovecaptionskip=\skip41
\belowcaptionskip=\skip42
\bibindent=\dimen102
)
(/usr/local/texlive/2007/texmf-dist/tex/latex/amsmath/amsmath.sty
Package: amsmath 2000/07/18 v2.13 AMS math features
\@mathmargin=\skip43

For additional information on amsmath, use the `?' option.
(/usr/local/texlive/2007/texmf-dist/tex/latex/amsmath/amstext.sty
Package: amstext 2000/06/29 v2.01

(/usr/local/texlive/2007/texmf-dist/tex/latex/amsmath/amsgen.sty
File: amsgen.sty 1999/11/30 v2.0
\@emptytoks=\toks14
\ex@=\dimen103
))
(/usr/local/texlive/2007/texmf-dist/tex/latex/amsmath/amsbsy.sty
Package: amsbsy 1999/11/29 v1.2d
\pmbraise@=\dimen104
)
(/usr/local/texlive/2007/texmf-dist/tex/latex/amsmath/amsopn.sty
Package: amsopn 1999/12/14 v2.01 operator names
)
\inf@bad=\count87
LaTeX Info: Redefining \frac on input line 211.
\uproot@=\count88
\leftroot@=\count89
LaTeX Info: Redefining \overline on input line 307.
\classnum@=\count90
\DOTSCASE@=\count91
LaTeX Info: Redefining \ldots on input line 379.
LaTeX Info: Redefining \dots on input line 382.
LaTeX Info: Redefining \cdots on input line 467.
\Mathstrutbox@=\box26
\strutbox@=\box27
\big@size=\dimen105
LaTeX Font Info:    Redeclaring font encoding OML on input line 567.
LaTeX Font Info:    Redeclaring font encoding OMS on input line 568.
\macc@depth=\count92
\c@MaxMatrixCols=\count93
\dotsspace@=\muskip10
\c@parentequation=\count94
\dspbrk@lvl=\count95
\tag@help=\toks15
\row@=\count96
\column@=\count97
\maxfields@=\count98
\andhelp@=\toks16
\eqnshift@=\dimen106
\alignsep@=\dimen107
\tagshift@=\dimen108
\tagwidth@=\dimen109
\totwidth@=\dimen110
\lineht@=\dimen111
\@envbody=\toks17
\multlinegap=\skip44
\multlinetaggap=\skip45
\mathdisplay@stack=\toks18
LaTeX Info: Redefining \[ on input line 2666.
LaTeX Info: Redefining \] on input line 2667.
)
(/usr/local/texlive/2007/texmf-dist/tex/latex/amscls/amsthm.sty
Package: amsthm 2004/08/06 v2.20
\thm@style=\toks19
\thm@bodyfont=\toks20
\thm@headfont=\toks21
\thm@notefont=\toks22
\thm@headpunct=\toks23
\thm@preskip=\skip46
\thm@postskip=\skip47
\thm@headsep=\skip48
\dth@everypar=\toks24
)
(/usr/local/texlive/2007/texmf-dist/tex/latex/amsfonts/amsfonts.sty
Package: amsfonts 2001/10/25 v2.2f
\symAMSa=\mathgroup4
\symAMSb=\mathgroup5
LaTeX Font Info:    Overwriting math alphabet `\mathfrak' in version `bold'
(Font)                  U/euf/m/n --> U/euf/b/n on input line 132.
)
(/usr/local/texlive/2007/texmf-dist/tex/latex/graphics/graphicx.sty
Package: graphicx 1999/02/16 v1.0f Enhanced LaTeX Graphics (DPC,SPQR)

(/usr/local/texlive/2007/texmf-dist/tex/latex/graphics/keyval.sty
Package: keyval 1999/03/16 v1.13 key=value parser (DPC)
\KV@toks@=\toks25
)
(/usr/local/texlive/2007/texmf-dist/tex/latex/graphics/graphics.sty
Package: graphics 2006/02/20 v1.0o Standard LaTeX Graphics (DPC,SPQR)

(/usr/local/texlive/2007/texmf-dist/tex/latex/graphics/trig.sty
Package: trig 1999/03/16 v1.09 sin cos tan (DPC)
)
(/usr/local/texlive/2007/texmf/tex/latex/config/graphics.cfg
File: graphics.cfg 2007/01/18 v1.5 graphics configuration of teTeX/TeXLive
)
Package graphics Info: Driver file: pdftex.def on input line 90.

(/usr/local/texlive/2007/texmf-dist/tex/latex/pdftex-def/pdftex.def
File: pdftex.def 2007/01/08 v0.04d Graphics/color for pdfTeX
\Gread@gobject=\count99
))
\Gin@req@height=\dimen112
\Gin@req@width=\dimen113
)
(./ed.sty
Package: ed 2007/10/03 v1.3 Editorial Notes
\c@ednote=\count100
) (./tunnel_main.aux

LaTeX Warning: Label `ins' multiply defined.

)
\openout1 = `tunnel_main.aux'.

LaTeX Font Info:    Checking defaults for OML/cmm/m/it on input line 19.
LaTeX Font Info:    ... okay on input line 19.
LaTeX Font Info:    Checking defaults for T1/cmr/m/n on input line 19.
LaTeX Font Info:    ... okay on input line 19.
LaTeX Font Info:    Checking defaults for OT1/cmr/m/n on input line 19.
LaTeX Font Info:    ... okay on input line 19.
LaTeX Font Info:    Checking defaults for OMS/cmsy/m/n on input line 19.
LaTeX Font Info:    ... okay on input line 19.
LaTeX Font Info:    Checking defaults for OMX/cmex/m/n on input line 19.
LaTeX Font Info:    ... okay on input line 19.
LaTeX Font Info:    Checking defaults for U/cmr/m/n on input line 19.
LaTeX Font Info:    ... okay on input line 19.
 (/usr/local/texlive/2007/texmf-dist/tex/context/base/supp-pdf.tex
[Loading MPS to PDF converter (version 2006.09.02).]
\scratchcounter=\count101
\scratchdimen=\dimen114
\scratchbox=\box28
\nofMPsegments=\count102
\nofMParguments=\count103
\MPscratchCnt=\count104
\MPscratchDim=\dimen115
\MPnumerator=\count105
\everyMPtoPDFconversion=\toks26
)
LaTeX Font Info:    Try loading font information for U+msa on input line 31.
 (/usr/local/texlive/2007/texmf-dist/tex/latex/amsfonts/umsa.fd
File: umsa.fd 2002/01/19 v2.2g AMS font definitions
)
LaTeX Font Info:    Try loading font information for U+msb on input line 31.

(/usr/local/texlive/2007/texmf-dist/tex/latex/amsfonts/umsb.fd
File: umsb.fd 2002/01/19 v2.2g AMS font definitions
)
(./introduction.tex)
Underfull \hbox (badness 1616) in paragraph at lines 4--38
\OT1/cmr/m/n/10 The the-ory of su-per-con-duc-tiv-ity pre-sented by
 []

(./theory.tex
Overfull \hbox (0.84105pt too wide) detected at line 5
\OML/cmm/m/it/10 W[] \OT1/cmr/m/n/10 = []\OMS/cmsy/m/n/10 j\OML/cmm/m/it/10 T[]
\OMS/cmsy/m/n/10 j[]\OML/cmm/m/it/10 f\OT1/cmr/m/n/10 (\OML/cmm/m/it/10 ^^O[]\O
T1/cmr/m/n/10 )[1 \OMS/cmsy/m/n/10 ^^@ \OML/cmm/m/it/10 f\OT1/cmr/m/n/10 (\OML/
cmm/m/it/10 ^^O[]\OT1/cmr/m/n/10 )]\OML/cmm/m/it/10 ^^N\OT1/cmr/m/n/10 (\OML/cm
m/m/it/10 ^^O[] \OMS/cmsy/m/n/10 ^^@ \OML/cmm/m/it/10 ^^O[]\OT1/cmr/m/n/10 )\OM
L/cmm/m/it/10 ^^N[];
 []


Overfull \hbox (25.188pt too wide) detected at line 13
\OML/cmm/m/it/10 W[] \OT1/cmr/m/n/10 = [] [] \OMS/cmsy/m/n/10 j\OML/cmm/m/it/10
 T[]\OMS/cmsy/m/n/10 j[]\OML/cmm/m/it/10 f\OT1/cmr/m/n/10 (\OML/cmm/m/it/10 ^^O
[]\OT1/cmr/m/n/10 )[1 \OMS/cmsy/m/n/10 ^^@ \OML/cmm/m/it/10 f\OT1/cmr/m/n/10 (\
OML/cmm/m/it/10 ^^O[]\OT1/cmr/m/n/10 )]\OML/cmm/m/it/10 ^^N\OT1/cmr/m/n/10 (\OM
L/cmm/m/it/10 ^^O[] \OMS/cmsy/m/n/10 ^^@ \OML/cmm/m/it/10 ^^O[]\OT1/cmr/m/n/10 
)\OML/cmm/m/it/10 ^^N[]:
 []


Overfull \hbox (1.07642pt too wide) in alignment at lines 35--40
 [][][] []
 []

[1{/usr/local/texlive/2007/texmf-var/fonts/map/pdftex/updmap/pdftex.map}


]
Underfull \hbox (badness 10000) in paragraph at lines 60--60
[]\OT1/cmr/bx/n/12 Normal-Superconductor junc-
 []


Overfull \hbox (2.55695pt too wide) detected at line 94
\OML/cmm/m/it/10 I[] \OT1/cmr/m/n/10 = [] [][] \OML/cmm/m/it/10 dE []\OT1/cmr/m
/n/10 [\OML/cmm/m/it/10 f\OT1/cmr/m/n/10 (\OML/cmm/m/it/10 E \OMS/cmsy/m/n/10 ^
^@ \OML/cmm/m/it/10 eV\OT1/cmr/m/n/10 ) \OMS/cmsy/m/n/10 ^^@ \OML/cmm/m/it/10 f
\OT1/cmr/m/n/10 (\OML/cmm/m/it/10 E\OT1/cmr/m/n/10 )]\OML/cmm/m/it/10 :
 []


Underfull \hbox (badness 10000) in paragraph at lines 114--114
[]\OT1/cmr/bx/n/12 Superconductor-
 []

) (./expmeth.tex
Underfull \hbox (badness 10000) in paragraph at lines 3--4

 []

[2]

LaTeX Warning: Reference `giaever1' on page 3 undefined on input line 6.


Underfull \hbox (badness 10000) in paragraph at lines 6--7

 []

<sample.pdf, id=27, 234.8775pt x 97.36375pt>
File: sample.pdf Graphic file (type pdf)
 <use sample.pdf>
Overfull \hbox (13.87692pt too wide) in paragraph at lines 11--12
 [][] 
 []


Underfull \hbox (badness 10000) in paragraph at lines 16--17

 []


Underfull \hbox (badness 10000) in paragraph at lines 18--19

 []


Underfull \hbox (badness 1184) in paragraph at lines 20--21
\OT1/cmr/m/n/10 a change in be-hav-ior. Sec-ondly the vac-uum
 []


Underfull \hbox (badness 10000) in paragraph at lines 20--21

 []


Underfull \hbox (badness 10000) in paragraph at lines 22--23

 []


Underfull \hbox (badness 10000) in paragraph at lines 25--26

 []


Underfull \vbox (badness 2237) has occurred while \output is active []


<cryostat.pdf, id=28, 196.735pt x 279.0425pt>
File: cryostat.pdf Graphic file (type pdf)
 <use cryostat.pdf>
Underfull \hbox (badness 1577) in paragraph at lines 35--36
[]\OT1/cmr/m/n/10 The tun-nel junc-tion was con-nected in a 4
 []


Underfull \hbox (badness 1960) in paragraph at lines 35--36
\OT1/cmr/m/n/10 ter-mi-nal con-fig-u-ra-tion, i.e. the volt-age and
 []


Underfull \hbox (badness 10000) in paragraph at lines 35--36

 []


Underfull \hbox (badness 1424) in paragraph at lines 39--40
[]\OT1/cmr/m/n/10 The res-o-lu-tion of volt-age mea-sure-ments de-
 []

[3 <./sample.pdf> <./cryostat.pdf>]
Underfull \hbox (badness 10000) in paragraph at lines 41--42

 []

) (./resana.tex <gv_theoretical_4-5-10.pdf, id=51, 849.1725pt x 596.2275pt>
File: gv_theoretical_4-5-10.pdf Graphic file (type pdf)

<use gv_theoretical_4-5-10.pdf>
<iv_theoretical_4-5-10.pdf, id=52, 849.1725pt x 596.2275pt>
File: iv_theoretical_4-5-10.pdf Graphic file (type pdf)

<use iv_theoretical_4-5-10.pdf> EdNote! EdNote!
Underfull \hbox (badness 1292) in paragraph at lines 19--22
\OT1/cmr/m/n/10 while the sec-ond part, $[]$ di-verges for
 []


Underfull \hbox (badness 10000) in paragraph at lines 19--22

 []

<gv_theo_exp_7.pdf, id=53, 849.1725pt x 596.2275pt>
File: gv_theo_exp_7.pdf Graphic file (type pdf)
 <use gv_theo_exp_7.pdf>
Underfull \hbox (badness 1701) in paragraph at lines 31--32
\OML/cmm/m/it/10 C[]$ \OT1/cmr/m/n/10 it quickly be-comes ap-par-ent that there

 []


Underfull \hbox (badness 1383) in paragraph at lines 31--32
\OT1/cmr/m/n/10 are cer-tain qual-i-ta-tive dif-fer-ences be-tween the
 []


Underfull \hbox (badness 10000) in paragraph at lines 31--32

 []

<residual.pdf, id=54, 849.1725pt x 596.2275pt>
File: residual.pdf Graphic file (type pdf)
 <use residual.pdf>

LaTeX Warning: `!h' float specifier changed to `!ht'.

<gv_3-4-5-7.pdf, id=55, 849.1725pt x 596.2275pt>
File: gv_3-4-5-7.pdf Graphic file (type pdf)
 <use gv_3-4-5-7.pdf>

LaTeX Warning: `!h' float specifier changed to `!ht'.

EdNote!
Underfull \hbox (badness 10000) in paragraph at lines 48--49

 []

[4 <./gv_theoretical_4-5-10.pdf> <./iv_theoretical_4-5-10.pdf> <./gv_theo_exp_7
.pdf>]
Underfull \hbox (badness 10000) in paragraph at lines 51--52

 []

<conductance2.pdf, id=77, 849.1725pt x 596.2275pt>
File: conductance2.pdf Graphic file (type pdf)
 <use conductance2.pdf>
EdNote!

LaTeX Warning: Reference `conductance2' on page 5 undefined on input line 65.


Underfull \hbox (badness 1997) in paragraph at lines 65--66
[]\OT1/cmr/m/n/10 Prior to in-sert-ing He into the cryo-stat as
 []


Underfull \hbox (badness 10000) in paragraph at lines 65--66

 []

EdNote! EdNote!
Underfull \hbox (badness 10000) in paragraph at lines 68--69

 []


LaTeX Warning: Marginpar on page 5 moved.

<bcs_gap2.pdf, id=78, 302.12875pt x 311.1625pt>
File: bcs_gap2.pdf Graphic file (type pdf)
 <use bcs_gap2.pdf>

LaTeX Warning: `!h' float specifier changed to `!ht'.

EdNote!
Underfull \hbox (badness 10000) in paragraph at lines 77--78

 []

[5 <./residual.pdf> <./gv_3-4-5-7.pdf> <./conductance2.pdf>] (./low_temp.tex
<gv_theo_exp_10.pdf, id=97, 849.1725pt x 596.2275pt>
File: gv_theo_exp_10.pdf Graphic file (type pdf)
 <use gv_theo_exp_10.pdf>
EdNote!
Underfull \hbox (badness 3612) in paragraph at lines 10--11
\OT1/cmr/m/n/10 ing state, cre-at-ing this com-bined ef-fect be-
 []

))
Underfull \hbox (badness 2608) in paragraph at lines 71--72
\OT1/cmr/m/it/10 Mea-sure-ments on Su-per-im-posed Lay-ers of
 []

[6 <./bcs_gap2.pdf> <./gv_theo_exp_10.pdf>] (./tunnel_main.aux)

LaTeX Warning: There were undefined references.


LaTeX Warning: There were multiply-defined labels.

 ) 
Here is how much of TeX's memory you used:
 1812 strings out of 94073
 22167 string characters out of 1162983
 79746 words of memory out of 1500000
 5061 multiletter control sequences out of 10000+50000
 16213 words of font info for 61 fonts, out of 1200000 for 2000
 645 hyphenation exceptions out of 8191
 27i,13n,22p,946b,304s stack positions out of 5000i,500n,6000p,200000b,5000s
</usr/local/texlive/2007/texmf-dist/fonts/type1/bluesky/cm/cmbx10.pfb></usr/l
ocal/texlive/2007/texmf-dist/fonts/type1/bluesky/cm/cmbx12.pfb></usr/local/texl
ive/2007/texmf-dist/fonts/type1/bluesky/cm/cmbx5.pfb></usr/local/texlive/2007/t
exmf-dist/fonts/type1/bluesky/cm/cmbx7.pfb></usr/local/texlive/2007/texmf-dist/
fonts/type1/bluesky/cm/cmbx9.pfb></usr/local/texlive/2007/texmf-dist/fonts/type
1/bluesky/cm/cmcsc10.pfb></usr/local/texlive/2007/texmf-dist/fonts/type1/bluesk
y/cm/cmex10.pfb></usr/local/texlive/2007/texmf-dist/fonts/type1/bluesky/cm/cmmi
10.pfb></usr/local/texlive/2007/texmf-dist/fonts/type1/bluesky/cm/cmmi7.pfb></u
sr/local/texlive/2007/texmf-dist/fonts/type1/bluesky/cm/cmmi9.pfb></usr/local/t
exlive/2007/texmf-dist/fonts/type1/bluesky/cm/cmr10.pfb></usr/local/texlive/200
7/texmf-dist/fonts/type1/bluesky/cm/cmr12.pfb></usr/local/texlive/2007/texmf-di
st/fonts/type1/bluesky/cm/cmr5.pfb></usr/local/texlive/2007/texmf-dist/fonts/ty
pe1/bluesky/cm/cmr6.pfb></usr/local/texlive/2007/texmf-dist/fonts/type1/bluesky
/cm/cmr7.pfb></usr/local/texlive/2007/texmf-dist/fonts/type1/bluesky/cm/cmr9.pf
b></usr/local/texlive/2007/texmf-dist/fonts/type1/bluesky/cm/cmss8.pfb></usr/lo
cal/texlive/2007/texmf-dist/fonts/type1/bluesky/cm/cmsy10.pfb></usr/local/texli
ve/2007/texmf-dist/fonts/type1/bluesky/cm/cmsy7.pfb></usr/local/texlive/2007/te
xmf-dist/fonts/type1/bluesky/cm/cmsy9.pfb></usr/local/texlive/2007/texmf-dist/f
onts/type1/bluesky/cm/cmti10.pfb></usr/local/texlive/2007/texmf-dist/fonts/type
1/bluesky/cm/cmti9.pfb></usr/local/texlive/2007/texmf-dist/fonts/type1/bluesky/
ams/msbm10.pfb>
Output written on tunnel_main.pdf (6 pages, 617032 bytes).
PDF statistics:
 186 PDF objects out of 1000 (max. 8388607)
 0 named destinations out of 1000 (max. 131072)
 51 words of extra memory for PDF output out of 10000 (max. 10000000)

